<?xml version="1.0" encoding="UTF-8"?>
<coverage generated="1780957998428" clover="3.2.0">
  <project timestamp="1780957998428" name="All files">
    <metrics statements="168" coveredstatements="168" conditionals="112" coveredconditionals="103" methods="62" coveredmethods="62" elements="342" coveredelements="333" complexity="0" loc="168" ncloc="168" packages="8" files="17" classes="17"/>
    <package name="src">
      <metrics statements="1" coveredstatements="1" conditionals="0" coveredconditionals="0" methods="1" coveredmethods="1"/>
      <file name="App.tsx" path="D:\RSschool\solarsungai-REACT2026Q2\src\App.tsx">
        <metrics statements="1" coveredstatements="1" conditionals="0" coveredconditionals="0" methods="1" coveredmethods="1"/>
        <line num="5" count="2" type="stmt"/>
      </file>
    </package>
    <package name="src.components">
      <metrics statements="113" coveredstatements="113" conditionals="96" coveredconditionals="87" methods="32" coveredmethods="32"/>
      <file name="Footer.tsx" path="D:\RSschool\solarsungai-REACT2026Q2\src\components\Footer.tsx">
        <metrics statements="1" coveredstatements="1" conditionals="0" coveredconditionals="0" methods="1" coveredmethods="1"/>
        <line num="2" count="19" type="stmt"/>
      </file>
      <file name="Header.tsx" path="D:\RSschool\solarsungai-REACT2026Q2\src\components\Header.tsx">
        <metrics statements="1" coveredstatements="1" conditionals="0" coveredconditionals="0" methods="1" coveredmethods="1"/>
        <line num="2" count="18" type="stmt"/>
      </file>
      <file name="Modal.tsx" path="D:\RSschool\solarsungai-REACT2026Q2\src\components\Modal.tsx">
        <metrics statements="27" coveredstatements="27" conditionals="14" coveredconditionals="14" methods="8" coveredmethods="8"/>
        <line num="11" count="18" type="stmt"/>
        <line num="12" count="18" type="stmt"/>
        <line num="13" count="18" type="stmt"/>
        <line num="14" count="18" type="stmt"/>
        <line num="17" count="9" type="cond" truecount="2" falsecount="0"/>
        <line num="18" count="5" type="stmt"/>
        <line num="22" count="9" type="cond" truecount="4" falsecount="0"/>
        <line num="23" count="4" type="stmt"/>
        <line num="24" count="4" type="stmt"/>
        <line num="26" count="4" type="cond" truecount="2" falsecount="0"/>
        <line num="27" count="2" type="cond" truecount="2" falsecount="0"/>
        <line num="28" count="1" type="stmt"/>
        <line num="29" count="1" type="stmt"/>
        <line num="32" count="2" type="cond" truecount="2" falsecount="0"/>
        <line num="33" count="1" type="stmt"/>
        <line num="34" count="1" type="stmt"/>
        <line num="39" count="18" type="stmt"/>
        <line num="41" count="18" type="stmt"/>
        <line num="42" count="18" type="stmt"/>
        <line num="43" count="18" type="stmt"/>
        <line num="47" count="18" type="stmt"/>
        <line num="49" count="9" type="cond" truecount="2" falsecount="0"/>
        <line num="51" count="18" type="stmt"/>
        <line num="52" count="18" type="stmt"/>
        <line num="53" count="18" type="stmt"/>
        <line num="57" count="18" type="stmt"/>
        <line num="63" count="3" type="stmt"/>
      </file>
      <file name="RHFForm.tsx" path="D:\RSschool\solarsungai-REACT2026Q2\src\components\RHFForm.tsx">
        <metrics statements="37" coveredstatements="37" conditionals="38" coveredconditionals="33" methods="11" coveredmethods="11"/>
        <line num="18" count="104" type="stmt"/>
        <line num="33" count="104" type="stmt"/>
        <line num="39" count="104" type="stmt"/>
        <line num="40" count="104" type="stmt"/>
        <line num="41" count="104" type="stmt"/>
        <line num="42" count="104" type="stmt"/>
        <line num="43" count="104" type="stmt"/>
        <line num="45" count="104" type="stmt"/>
        <line num="46" count="104" type="stmt"/>
        <line num="47" count="104" type="stmt"/>
        <line num="50" count="1" type="stmt"/>
        <line num="51" count="1" type="stmt"/>
        <line num="54" count="104" type="stmt"/>
        <line num="55" count="104" type="cond" truecount="2" falsecount="0"/>
        <line num="56" count="34" type="cond" truecount="2" falsecount="0"/>
        <line num="57" count="34" type="cond" truecount="2" falsecount="0"/>
        <line num="58" count="34" type="cond" truecount="2" falsecount="0"/>
        <line num="59" count="34" type="cond" truecount="2" falsecount="0"/>
        <line num="62" count="104" type="stmt"/>
        <line num="63" count="104" type="cond" truecount="2" falsecount="0"/>
        <line num="64" count="21" type="stmt"/>
        <line num="67" count="104" type="stmt"/>
        <line num="102" count="103" type="stmt"/>
        <line num="108" count="7" type="stmt"/>
        <line num="110" count="4" type="stmt"/>
        <line num="111" count="4" type="stmt"/>
        <line num="114" count="15" type="stmt"/>
        <line num="115" count="15" type="stmt"/>
        <line num="116" count="15" type="stmt"/>
        <line num="127" count="110" type="stmt"/>
        <line num="131" count="3" type="stmt"/>
        <line num="132" count="3" type="stmt"/>
        <line num="133" count="3" type="stmt"/>
        <line num="148" count="106" type="stmt"/>
        <line num="155" count="4" type="stmt"/>
        <line num="156" count="4" type="cond" truecount="2" falsecount="0"/>
        <line num="157" count="3" type="stmt"/>
      </file>
      <file name="SubmissionItem.tsx" path="D:\RSschool\solarsungai-REACT2026Q2\src\components\SubmissionItem.tsx">
        <metrics statements="1" coveredstatements="1" conditionals="2" coveredconditionals="2" methods="1" coveredmethods="1"/>
        <line num="9" count="7" type="stmt"/>
      </file>
      <file name="UncontrolledForm.tsx" path="D:\RSschool\solarsungai-REACT2026Q2\src\components\UncontrolledForm.tsx">
        <metrics statements="46" coveredstatements="46" conditionals="42" coveredconditionals="38" methods="10" coveredmethods="10"/>
        <line num="12" count="47" type="stmt"/>
        <line num="13" count="47" type="stmt"/>
        <line num="14" count="47" type="stmt"/>
        <line num="16" count="47" type="stmt"/>
        <line num="17" count="47" type="stmt"/>
        <line num="19" count="47" type="stmt"/>
        <line num="20" count="47" type="cond" truecount="2" falsecount="0"/>
        <line num="21" count="15" type="cond" truecount="2" falsecount="0"/>
        <line num="22" count="15" type="cond" truecount="2" falsecount="0"/>
        <line num="23" count="15" type="cond" truecount="2" falsecount="0"/>
        <line num="24" count="15" type="cond" truecount="2" falsecount="0"/>
        <line num="27" count="47" type="cond" truecount="2" falsecount="0"/>
        <line num="32" count="2" type="stmt"/>
        <line num="33" count="2" type="stmt"/>
        <line num="34" count="2" type="stmt"/>
        <line num="36" count="2" type="stmt"/>
        <line num="37" count="2" type="stmt"/>
        <line num="38" count="2" type="stmt"/>
        <line num="39" count="2" type="stmt"/>
        <line num="40" count="2" type="stmt"/>
        <line num="41" count="2" type="stmt"/>
        <line num="42" count="2" type="stmt"/>
        <line num="43" count="2" type="stmt"/>
        <line num="44" count="2" type="stmt"/>
        <line num="46" count="2" type="stmt"/>
        <line num="58" count="2" type="cond" truecount="2" falsecount="0"/>
        <line num="59" count="1" type="stmt"/>
        <line num="60" count="1" type="stmt"/>
        <line num="61" count="7" type="stmt"/>
        <line num="62" count="7" type="cond" truecount="1" falsecount="1"/>
        <line num="63" count="7" type="stmt"/>
        <line num="66" count="1" type="stmt"/>
        <line num="68" count="1" type="stmt"/>
        <line num="77" count="1" type="stmt"/>
        <line num="78" count="1" type="stmt"/>
        <line num="79" count="1" type="stmt"/>
        <line num="83" count="47" type="stmt"/>
        <line num="108" count="13" type="stmt"/>
        <line num="125" count="12" type="stmt"/>
        <line num="126" count="12" type="stmt"/>
        <line num="128" count="5" type="stmt"/>
        <line num="130" count="3" type="stmt"/>
        <line num="141" count="51" type="stmt"/>
        <line num="144" count="2" type="cond" truecount="1" falsecount="1"/>
        <line num="145" count="2" type="stmt"/>
        <line num="146" count="2" type="stmt"/>
      </file>
    </package>
    <package name="src.constants">
      <metrics statements="1" coveredstatements="1" conditionals="0" coveredconditionals="0" methods="0" coveredmethods="0"/>
      <file name="countries.ts" path="D:\RSschool\solarsungai-REACT2026Q2\src\constants\countries.ts">
        <metrics statements="1" coveredstatements="1" conditionals="0" coveredconditionals="0" methods="0" coveredmethods="0"/>
        <line num="1" count="9" type="stmt"/>
      </file>
    </package>
    <package name="src.hooks">
      <metrics statements="22" coveredstatements="22" conditionals="2" coveredconditionals="2" methods="12" coveredmethods="12"/>
      <file name="useCountryAutocomplete.tsx" path="D:\RSschool\solarsungai-REACT2026Q2\src\hooks\useCountryAutocomplete.tsx">
        <metrics statements="6" coveredstatements="6" conditionals="0" coveredconditionals="0" methods="3" coveredmethods="3"/>
        <line num="6" count="193" type="stmt"/>
        <line num="7" count="159" type="stmt"/>
        <line num="8" count="159" type="stmt"/>
        <line num="9" count="159" type="stmt"/>
        <line num="10" count="8109" type="stmt"/>
        <line num="12" count="159" type="stmt"/>
      </file>
      <file name="useFormSubmit.tsx" path="D:\RSschool\solarsungai-REACT2026Q2\src\hooks\useFormSubmit.tsx">
        <metrics statements="6" coveredstatements="6" conditionals="0" coveredconditionals="0" methods="3" coveredmethods="3"/>
        <line num="16" count="2" type="stmt"/>
        <line num="19" count="2" type="stmt"/>
        <line num="20" count="2" type="stmt"/>
        <line num="21" count="2" type="stmt"/>
        <line num="22" count="1" type="stmt"/>
        <line num="36" count="2" type="stmt"/>
      </file>
      <file name="usePasswordStrength.tsx" path="D:\RSschool\solarsungai-REACT2026Q2\src\hooks\usePasswordStrength.tsx">
        <metrics statements="10" coveredstatements="10" conditionals="2" coveredconditionals="2" methods="6" coveredmethods="6"/>
        <line num="4" count="60" type="stmt"/>
        <line num="5" count="60" type="stmt"/>
        <line num="13" count="19" type="stmt"/>
        <line num="14" count="47" type="cond" truecount="2" falsecount="0"/>
        <line num="15" count="23" type="stmt"/>
        <line num="16" count="30" type="stmt"/>
        <line num="17" count="19" type="stmt"/>
        <line num="18" count="50" type="stmt"/>
        <line num="19" count="19" type="stmt"/>
        <line num="22" count="60" type="stmt"/>
      </file>
    </package>
    <package name="src.pages">
      <metrics statements="7" coveredstatements="7" conditionals="6" coveredconditionals="6" methods="6" coveredmethods="6"/>
      <file name="MainPage.tsx" path="D:\RSschool\solarsungai-REACT2026Q2\src\pages\MainPage.tsx">
        <metrics statements="7" coveredstatements="7" conditionals="6" coveredconditionals="6" methods="6" coveredmethods="6"/>
        <line num="12" count="16" type="stmt"/>
        <line num="13" count="26" type="stmt"/>
        <line num="14" count="16" type="stmt"/>
        <line num="16" count="16" type="stmt"/>
        <line num="38" count="2" type="stmt"/>
        <line num="46" count="2" type="stmt"/>
        <line num="66" count="3" type="stmt"/>
      </file>
    </package>
    <package name="src.store">
      <metrics statements="5" coveredstatements="5" conditionals="0" coveredconditionals="0" methods="1" coveredmethods="1"/>
      <file name="countriesSlice.ts" path="D:\RSschool\solarsungai-REACT2026Q2\src\store\countriesSlice.ts">
        <metrics statements="1" coveredstatements="1" conditionals="0" coveredconditionals="0" methods="0" coveredmethods="0"/>
        <line num="4" count="8" type="stmt"/>
      </file>
      <file name="index.ts" path="D:\RSschool\solarsungai-REACT2026Q2\src\store\index.ts">
        <metrics statements="1" coveredstatements="1" conditionals="0" coveredconditionals="0" methods="0" coveredmethods="0"/>
        <line num="5" count="6" type="stmt"/>
      </file>
      <file name="submissionsSlice.ts" path="D:\RSschool\solarsungai-REACT2026Q2\src\store\submissionsSlice.ts">
        <metrics statements="3" coveredstatements="3" conditionals="0" coveredconditionals="0" methods="1" coveredmethods="1"/>
        <line num="13" count="8" type="stmt"/>
        <line num="18" count="3" type="stmt"/>
        <line num="23" count="8" type="stmt"/>
      </file>
    </package>
    <package name="src.utils">
      <metrics statements="5" coveredstatements="5" conditionals="0" coveredconditionals="0" methods="3" coveredmethods="3"/>
      <file name="toBase64.ts" path="D:\RSschool\solarsungai-REACT2026Q2\src\utils\toBase64.ts">
        <metrics statements="5" coveredstatements="5" conditionals="0" coveredconditionals="0" methods="3" coveredmethods="3"/>
        <line num="2" count="2" type="stmt"/>
        <line num="3" count="2" type="stmt"/>
        <line num="4" count="2" type="stmt"/>
        <line num="5" count="2" type="stmt"/>
        <line num="6" count="2" type="stmt"/>
      </file>
    </package>
    <package name="src.validation">
      <metrics statements="14" coveredstatements="14" conditionals="8" coveredconditionals="8" methods="7" coveredmethods="7"/>
      <file name="schema.ts" path="D:\RSschool\solarsungai-REACT2026Q2\src\validation\schema.ts">
        <metrics statements="14" coveredstatements="14" conditionals="8" coveredconditionals="8" methods="7" coveredmethods="7"/>
        <line num="4" count="5" type="stmt"/>
        <line num="5" count="5" type="stmt"/>
        <line num="7" count="5" type="stmt"/>
        <line num="12" count="177" type="cond" truecount="2" falsecount="0"/>
        <line num="15" count="177" type="stmt"/>
        <line num="16" count="177" type="cond" truecount="2" falsecount="0"/>
        <line num="17" count="84" type="cond" truecount="2" falsecount="0"/>
        <line num="18" count="83" type="cond" truecount="2" falsecount="0"/>
        <line num="19" count="66" type="stmt"/>
        <line num="22" count="177" type="stmt"/>
        <line num="25" count="42" type="stmt"/>
        <line num="27" count="42" type="stmt"/>
        <line num="33" count="177" type="stmt"/>
        <line num="36" count="41" type="stmt"/>
      </file>
    </package>
  </project>
</coverage>
