{
  "D:\\RSschool\\solarsungai-REACT2026Q2\\src\\App.tsx": {
    "path": "D:\\RSschool\\solarsungai-REACT2026Q2\\src\\App.tsx",
    "statementMap": {
      "0": { "start": { "line": 5, "column": 2 }, "end": { "line": 8, "column": null } }
    },
    "fnMap": {
      "0": {
        "name": "App",
        "decl": { "start": { "line": 4, "column": 9 }, "end": { "line": 4, "column": 15 } },
        "loc": { "start": { "line": 4, "column": 15 }, "end": { "line": 10, "column": null } },
        "line": 4
      }
    },
    "branchMap": {},
    "s": { "0": 2 },
    "f": { "0": 2 },
    "b": {},
    "meta": {
      "lastBranch": 0,
      "lastFunction": 1,
      "lastStatement": 1,
      "seen": { "f:4:9:4:15": 0, "s:5:2:8:Infinity": 0 }
    }
  },
  "D:\\RSschool\\solarsungai-REACT2026Q2\\src\\components\\Footer.tsx": {
    "path": "D:\\RSschool\\solarsungai-REACT2026Q2\\src\\components\\Footer.tsx",
    "statementMap": {
      "0": { "start": { "line": 2, "column": 2 }, "end": { "line": 24, "column": null } }
    },
    "fnMap": {
      "0": {
        "name": "Footer",
        "decl": { "start": { "line": 1, "column": 16 }, "end": { "line": 1, "column": 25 } },
        "loc": { "start": { "line": 1, "column": 25 }, "end": { "line": 26, "column": null } },
        "line": 1
      }
    },
    "branchMap": {},
    "s": { "0": 19 },
    "f": { "0": 19 },
    "b": {},
    "meta": {
      "lastBranch": 0,
      "lastFunction": 1,
      "lastStatement": 1,
      "seen": { "f:1:16:1:25": 0, "s:2:2:24:Infinity": 0 }
    }
  },
  "D:\\RSschool\\solarsungai-REACT2026Q2\\src\\components\\Header.tsx": {
    "path": "D:\\RSschool\\solarsungai-REACT2026Q2\\src\\components\\Header.tsx",
    "statementMap": {
      "0": { "start": { "line": 2, "column": 2 }, "end": { "line": 7, "column": null } }
    },
    "fnMap": {
      "0": {
        "name": "Header",
        "decl": { "start": { "line": 1, "column": 16 }, "end": { "line": 1, "column": 25 } },
        "loc": { "start": { "line": 1, "column": 25 }, "end": { "line": 9, "column": null } },
        "line": 1
      }
    },
    "branchMap": {},
    "s": { "0": 18 },
    "f": { "0": 18 },
    "b": {},
    "meta": {
      "lastBranch": 0,
      "lastFunction": 1,
      "lastStatement": 1,
      "seen": { "f:1:16:1:25": 0, "s:2:2:7:Infinity": 0 }
    }
  },
  "D:\\RSschool\\solarsungai-REACT2026Q2\\src\\components\\Modal.tsx": {
    "path": "D:\\RSschool\\solarsungai-REACT2026Q2\\src\\components\\Modal.tsx",
    "statementMap": {
      "0": { "start": { "line": 11, "column": 8 }, "end": { "line": 11, "column": null } },
      "1": { "start": { "line": 12, "column": 2 }, "end": { "line": 45, "column": null } },
      "2": { "start": { "line": 13, "column": 34 }, "end": { "line": 13, "column": null } },
      "3": { "start": { "line": 14, "column": 4 }, "end": { "line": 14, "column": null } },
      "4": { "start": { "line": 17, "column": 6 }, "end": { "line": 17, "column": null } },
      "5": { "start": { "line": 17, "column": 27 }, "end": { "line": 17, "column": null } },
      "6": { "start": { "line": 18, "column": 32 }, "end": { "line": 20, "column": null } },
      "7": { "start": { "line": 22, "column": 6 }, "end": { "line": 22, "column": null } },
      "8": { "start": { "line": 22, "column": 64 }, "end": { "line": 22, "column": null } },
      "9": { "start": { "line": 23, "column": 27 }, "end": { "line": 23, "column": null } },
      "10": { "start": { "line": 24, "column": 26 }, "end": { "line": 24, "column": null } },
      "11": { "start": { "line": 26, "column": 6 }, "end": { "line": 36, "column": null } },
      "12": { "start": { "line": 27, "column": 8 }, "end": { "line": 30, "column": null } },
      "13": { "start": { "line": 28, "column": 10 }, "end": { "line": 28, "column": null } },
      "14": { "start": { "line": 29, "column": 10 }, "end": { "line": 29, "column": null } },
      "15": { "start": { "line": 32, "column": 8 }, "end": { "line": 35, "column": null } },
      "16": { "start": { "line": 33, "column": 10 }, "end": { "line": 33, "column": null } },
      "17": { "start": { "line": 34, "column": 10 }, "end": { "line": 34, "column": null } },
      "18": { "start": { "line": 39, "column": 4 }, "end": { "line": 39, "column": null } },
      "19": { "start": { "line": 41, "column": 4 }, "end": { "line": 44, "column": null } },
      "20": { "start": { "line": 42, "column": 6 }, "end": { "line": 42, "column": null } },
      "21": { "start": { "line": 43, "column": 6 }, "end": { "line": 43, "column": null } },
      "22": { "start": { "line": 47, "column": 2 }, "end": { "line": 55, "column": null } },
      "23": { "start": { "line": 49, "column": 6 }, "end": { "line": 49, "column": null } },
      "24": { "start": { "line": 49, "column": 30 }, "end": { "line": 49, "column": null } },
      "25": { "start": { "line": 51, "column": 4 }, "end": { "line": 51, "column": null } },
      "26": { "start": { "line": 52, "column": 4 }, "end": { "line": 54, "column": null } },
      "27": { "start": { "line": 53, "column": 6 }, "end": { "line": 53, "column": null } },
      "28": { "start": { "line": 57, "column": 2 }, "end": { "line": 79, "column": null } },
      "29": { "start": { "line": 63, "column": 24 }, "end": { "line": 63, "column": null } }
    },
    "fnMap": {
      "0": {
        "name": "Modal",
        "decl": { "start": { "line": 10, "column": 9 }, "end": { "line": 10, "column": 15 } },
        "loc": { "start": { "line": 10, "column": 50 }, "end": { "line": 80, "column": null } },
        "line": 10
      },
      "1": {
        "name": "(anonymous_1)",
        "decl": { "start": { "line": 12, "column": 2 }, "end": { "line": 12, "column": 18 } },
        "loc": { "start": { "line": 12, "column": 18 }, "end": { "line": 45, "column": 5 } },
        "line": 12
      },
      "2": {
        "name": "handleTabTrap",
        "decl": { "start": { "line": 16, "column": 13 }, "end": { "line": 16, "column": 27 } },
        "loc": { "start": { "line": 16, "column": 45 }, "end": { "line": 37, "column": null } },
        "line": 16
      },
      "3": {
        "name": "(anonymous_3)",
        "decl": { "start": { "line": 41, "column": 4 }, "end": { "line": 41, "column": 17 } },
        "loc": { "start": { "line": 41, "column": 17 }, "end": { "line": 44, "column": null } },
        "line": 41
      },
      "4": {
        "name": "(anonymous_4)",
        "decl": { "start": { "line": 47, "column": 2 }, "end": { "line": 47, "column": 18 } },
        "loc": { "start": { "line": 47, "column": 18 }, "end": { "line": 55, "column": 5 } },
        "line": 47
      },
      "5": {
        "name": "handleKeyDown",
        "decl": { "start": { "line": 48, "column": 13 }, "end": { "line": 48, "column": 27 } },
        "loc": { "start": { "line": 48, "column": 45 }, "end": { "line": 50, "column": null } },
        "line": 48
      },
      "6": {
        "name": "(anonymous_6)",
        "decl": { "start": { "line": 52, "column": 4 }, "end": { "line": 52, "column": 17 } },
        "loc": { "start": { "line": 52, "column": 17 }, "end": { "line": 54, "column": null } },
        "line": 52
      },
      "7": {
        "name": "(anonymous_7)",
        "decl": { "start": { "line": 63, "column": 8 }, "end": { "line": 63, "column": 18 } },
        "loc": { "start": { "line": 63, "column": 24 }, "end": { "line": 63, "column": null } },
        "line": 63
      }
    },
    "branchMap": {
      "0": {
        "loc": { "start": { "line": 17, "column": 6 }, "end": { "line": 17, "column": null } },
        "type": "if",
        "locations": [
          { "start": { "line": 17, "column": 6 }, "end": { "line": 17, "column": null } },
          { "start": {}, "end": {} }
        ],
        "line": 17
      },
      "1": {
        "loc": { "start": { "line": 22, "column": 6 }, "end": { "line": 22, "column": null } },
        "type": "if",
        "locations": [
          { "start": { "line": 22, "column": 6 }, "end": { "line": 22, "column": null } },
          { "start": {}, "end": {} }
        ],
        "line": 22
      },
      "2": {
        "loc": { "start": { "line": 22, "column": 10 }, "end": { "line": 22, "column": 64 } },
        "type": "binary-expr",
        "locations": [
          { "start": { "line": 22, "column": 10 }, "end": { "line": 22, "column": 32 } },
          { "start": { "line": 22, "column": 32 }, "end": { "line": 22, "column": 64 } }
        ],
        "line": 22
      },
      "3": {
        "loc": { "start": { "line": 26, "column": 6 }, "end": { "line": 36, "column": null } },
        "type": "if",
        "locations": [
          { "start": { "line": 26, "column": 6 }, "end": { "line": 36, "column": null } },
          { "start": { "line": 31, "column": 13 }, "end": { "line": 36, "column": null } }
        ],
        "line": 26
      },
      "4": {
        "loc": { "start": { "line": 27, "column": 8 }, "end": { "line": 30, "column": null } },
        "type": "if",
        "locations": [
          { "start": { "line": 27, "column": 8 }, "end": { "line": 30, "column": null } },
          { "start": {}, "end": {} }
        ],
        "line": 27
      },
      "5": {
        "loc": { "start": { "line": 32, "column": 8 }, "end": { "line": 35, "column": null } },
        "type": "if",
        "locations": [
          { "start": { "line": 32, "column": 8 }, "end": { "line": 35, "column": null } },
          { "start": {}, "end": {} }
        ],
        "line": 32
      },
      "6": {
        "loc": { "start": { "line": 49, "column": 6 }, "end": { "line": 49, "column": null } },
        "type": "if",
        "locations": [
          { "start": { "line": 49, "column": 6 }, "end": { "line": 49, "column": null } },
          { "start": {}, "end": {} }
        ],
        "line": 49
      }
    },
    "s": {
      "0": 18,
      "1": 18,
      "2": 18,
      "3": 18,
      "4": 9,
      "5": 4,
      "6": 5,
      "7": 9,
      "8": 1,
      "9": 4,
      "10": 4,
      "11": 4,
      "12": 2,
      "13": 1,
      "14": 1,
      "15": 2,
      "16": 1,
      "17": 1,
      "18": 18,
      "19": 18,
      "20": 18,
      "21": 18,
      "22": 18,
      "23": 9,
      "24": 2,
      "25": 18,
      "26": 18,
      "27": 18,
      "28": 18,
      "29": 3
    },
    "f": { "0": 18, "1": 18, "2": 9, "3": 18, "4": 18, "5": 9, "6": 18, "7": 3 },
    "b": {
      "0": [4, 5],
      "1": [1, 8],
      "2": [9, 5],
      "3": [2, 2],
      "4": [1, 1],
      "5": [1, 1],
      "6": [2, 7]
    },
    "meta": {
      "lastBranch": 7,
      "lastFunction": 8,
      "lastStatement": 30,
      "seen": {
        "f:10:9:10:15": 0,
        "s:11:8:11:Infinity": 0,
        "s:12:2:45:Infinity": 1,
        "f:12:2:12:18": 1,
        "s:13:34:13:Infinity": 2,
        "s:14:4:14:Infinity": 3,
        "f:16:13:16:27": 2,
        "b:17:6:17:Infinity:undefined:undefined:undefined:undefined": 0,
        "s:17:6:17:Infinity": 4,
        "s:17:27:17:Infinity": 5,
        "s:18:32:20:Infinity": 6,
        "b:22:6:22:Infinity:undefined:undefined:undefined:undefined": 1,
        "s:22:6:22:Infinity": 7,
        "b:22:10:22:32:22:32:22:64": 2,
        "s:22:64:22:Infinity": 8,
        "s:23:27:23:Infinity": 9,
        "s:24:26:24:Infinity": 10,
        "b:26:6:36:Infinity:31:13:36:Infinity": 3,
        "s:26:6:36:Infinity": 11,
        "b:27:8:30:Infinity:undefined:undefined:undefined:undefined": 4,
        "s:27:8:30:Infinity": 12,
        "s:28:10:28:Infinity": 13,
        "s:29:10:29:Infinity": 14,
        "b:32:8:35:Infinity:undefined:undefined:undefined:undefined": 5,
        "s:32:8:35:Infinity": 15,
        "s:33:10:33:Infinity": 16,
        "s:34:10:34:Infinity": 17,
        "s:39:4:39:Infinity": 18,
        "s:41:4:44:Infinity": 19,
        "f:41:4:41:17": 3,
        "s:42:6:42:Infinity": 20,
        "s:43:6:43:Infinity": 21,
        "s:47:2:55:Infinity": 22,
        "f:47:2:47:18": 4,
        "f:48:13:48:27": 5,
        "b:49:6:49:Infinity:undefined:undefined:undefined:undefined": 6,
        "s:49:6:49:Infinity": 23,
        "s:49:30:49:Infinity": 24,
        "s:51:4:51:Infinity": 25,
        "s:52:4:54:Infinity": 26,
        "f:52:4:52:17": 6,
        "s:53:6:53:Infinity": 27,
        "s:57:2:79:Infinity": 28,
        "f:63:8:63:18": 7,
        "s:63:24:63:Infinity": 29
      }
    }
  },
  "D:\\RSschool\\solarsungai-REACT2026Q2\\src\\components\\RHFForm.tsx": {
    "path": "D:\\RSschool\\solarsungai-REACT2026Q2\\src\\components\\RHFForm.tsx",
    "statementMap": {
      "0": { "start": { "line": 18, "column": 25 }, "end": { "line": 31, "column": null } },
      "1": { "start": { "line": 33, "column": 8 }, "end": { "line": 37, "column": null } },
      "2": { "start": { "line": 39, "column": 20 }, "end": { "line": 39, "column": null } },
      "3": { "start": { "line": 40, "column": 23 }, "end": { "line": 40, "column": null } },
      "4": { "start": { "line": 41, "column": 23 }, "end": { "line": 41, "column": null } },
      "5": { "start": { "line": 42, "column": 21 }, "end": { "line": 42, "column": null } },
      "6": { "start": { "line": 43, "column": 26 }, "end": { "line": 43, "column": null } },
      "7": { "start": { "line": 45, "column": 41 }, "end": { "line": 45, "column": null } },
      "8": { "start": { "line": 46, "column": 25 }, "end": { "line": 46, "column": null } },
      "9": { "start": { "line": 47, "column": 8 }, "end": { "line": 47, "column": null } },
      "10": { "start": { "line": 50, "column": 4 }, "end": { "line": 50, "column": null } },
      "11": { "start": { "line": 51, "column": 4 }, "end": { "line": 51, "column": null } },
      "12": { "start": { "line": 54, "column": 30 }, "end": { "line": 54, "column": null } },
      "13": { "start": { "line": 55, "column": 2 }, "end": { "line": 60, "column": null } },
      "14": { "start": { "line": 56, "column": 4 }, "end": { "line": 56, "column": null } },
      "15": { "start": { "line": 56, "column": 20 }, "end": { "line": 56, "column": null } },
      "16": { "start": { "line": 57, "column": 4 }, "end": { "line": 57, "column": null } },
      "17": { "start": { "line": 57, "column": 23 }, "end": { "line": 57, "column": null } },
      "18": { "start": { "line": 58, "column": 4 }, "end": { "line": 58, "column": null } },
      "19": { "start": { "line": 58, "column": 23 }, "end": { "line": 58, "column": null } },
      "20": { "start": { "line": 59, "column": 4 }, "end": { "line": 59, "column": null } },
      "21": { "start": { "line": 59, "column": 21 }, "end": { "line": 59, "column": null } },
      "22": { "start": { "line": 62, "column": 21 }, "end": { "line": 62, "column": null } },
      "23": { "start": { "line": 63, "column": 2 }, "end": { "line": 65, "column": null } },
      "24": { "start": { "line": 64, "column": 4 }, "end": { "line": 64, "column": null } },
      "25": { "start": { "line": 67, "column": 2 }, "end": { "line": 167, "column": null } },
      "26": { "start": { "line": 102, "column": 12 }, "end": { "line": 118, "column": null } },
      "27": { "start": { "line": 108, "column": 29 }, "end": { "line": 108, "column": null } },
      "28": { "start": { "line": 110, "column": 16 }, "end": { "line": 110, "column": null } },
      "29": { "start": { "line": 111, "column": 16 }, "end": { "line": 111, "column": null } },
      "30": { "start": { "line": 111, "column": 33 }, "end": { "line": 111, "column": 59 } },
      "31": { "start": { "line": 114, "column": 16 }, "end": { "line": 114, "column": null } },
      "32": { "start": { "line": 115, "column": 16 }, "end": { "line": 115, "column": null } },
      "33": { "start": { "line": 116, "column": 16 }, "end": { "line": 116, "column": null } },
      "34": { "start": { "line": 127, "column": 14 }, "end": { "line": 137, "column": null } },
      "35": { "start": { "line": 131, "column": 18 }, "end": { "line": 131, "column": null } },
      "36": { "start": { "line": 132, "column": 18 }, "end": { "line": 132, "column": null } },
      "37": { "start": { "line": 133, "column": 18 }, "end": { "line": 133, "column": null } },
      "38": { "start": { "line": 148, "column": 10 }, "end": { "line": 160, "column": null } },
      "39": { "start": { "line": 155, "column": 27 }, "end": { "line": 155, "column": null } },
      "40": { "start": { "line": 156, "column": 14 }, "end": { "line": 158, "column": null } },
      "41": { "start": { "line": 157, "column": 16 }, "end": { "line": 157, "column": null } }
    },
    "fnMap": {
      "0": {
        "name": "RHFForm",
        "decl": { "start": { "line": 11, "column": 9 }, "end": { "line": 11, "column": 17 } },
        "loc": { "start": { "line": 11, "column": 55 }, "end": { "line": 169, "column": null } },
        "line": 11
      },
      "1": {
        "name": "onSubmit",
        "decl": { "start": { "line": 49, "column": 17 }, "end": { "line": 49, "column": 26 } },
        "loc": { "start": { "line": 49, "column": 42 }, "end": { "line": 52, "column": null } },
        "line": 49
      },
      "2": {
        "name": "(anonymous_2)",
        "decl": { "start": { "line": 101, "column": 10 }, "end": { "line": 101, "column": 19 } },
        "loc": { "start": { "line": 102, "column": 12 }, "end": { "line": 118, "column": null } },
        "line": 102
      },
      "3": {
        "name": "(anonymous_3)",
        "decl": { "start": { "line": 108, "column": 14 }, "end": { "line": 108, "column": 29 } },
        "loc": { "start": { "line": 108, "column": 29 }, "end": { "line": 108, "column": null } },
        "line": 108
      },
      "4": {
        "name": "(anonymous_4)",
        "decl": { "start": { "line": 109, "column": 14 }, "end": { "line": 109, "column": 28 } },
        "loc": { "start": { "line": 109, "column": 28 }, "end": { "line": 112, "column": null } },
        "line": 109
      },
      "5": {
        "name": "(anonymous_5)",
        "decl": { "start": { "line": 111, "column": 16 }, "end": { "line": 111, "column": 33 } },
        "loc": { "start": { "line": 111, "column": 33 }, "end": { "line": 111, "column": 59 } },
        "line": 111
      },
      "6": {
        "name": "(anonymous_6)",
        "decl": { "start": { "line": 113, "column": 14 }, "end": { "line": 113, "column": 25 } },
        "loc": { "start": { "line": 113, "column": 31 }, "end": { "line": 117, "column": null } },
        "line": 113
      },
      "7": {
        "name": "(anonymous_7)",
        "decl": { "start": { "line": 126, "column": 31 }, "end": { "line": 126, "column": 36 } },
        "loc": { "start": { "line": 127, "column": 14 }, "end": { "line": 137, "column": null } },
        "line": 127
      },
      "8": {
        "name": "(anonymous_8)",
        "decl": { "start": { "line": 130, "column": 16 }, "end": { "line": 130, "column": 31 } },
        "loc": { "start": { "line": 130, "column": 31 }, "end": { "line": 134, "column": null } },
        "line": 130
      },
      "9": {
        "name": "(anonymous_9)",
        "decl": { "start": { "line": 147, "column": 8 }, "end": { "line": 147, "column": 17 } },
        "loc": { "start": { "line": 148, "column": 10 }, "end": { "line": 160, "column": null } },
        "line": 148
      },
      "10": {
        "name": "(anonymous_10)",
        "decl": { "start": { "line": 154, "column": 12 }, "end": { "line": 154, "column": 23 } },
        "loc": { "start": { "line": 154, "column": 29 }, "end": { "line": 159, "column": null } },
        "line": 154
      }
    },
    "branchMap": {
      "0": {
        "loc": { "start": { "line": 55, "column": 2 }, "end": { "line": 60, "column": null } },
        "type": "if",
        "locations": [
          { "start": { "line": 55, "column": 2 }, "end": { "line": 60, "column": null } },
          { "start": {}, "end": {} }
        ],
        "line": 55
      },
      "1": {
        "loc": { "start": { "line": 56, "column": 4 }, "end": { "line": 56, "column": null } },
        "type": "if",
        "locations": [
          { "start": { "line": 56, "column": 4 }, "end": { "line": 56, "column": null } },
          { "start": {}, "end": {} }
        ],
        "line": 56
      },
      "2": {
        "loc": { "start": { "line": 57, "column": 4 }, "end": { "line": 57, "column": null } },
        "type": "if",
        "locations": [
          { "start": { "line": 57, "column": 4 }, "end": { "line": 57, "column": null } },
          { "start": {}, "end": {} }
        ],
        "line": 57
      },
      "3": {
        "loc": { "start": { "line": 58, "column": 4 }, "end": { "line": 58, "column": null } },
        "type": "if",
        "locations": [
          { "start": { "line": 58, "column": 4 }, "end": { "line": 58, "column": null } },
          { "start": {}, "end": {} }
        ],
        "line": 58
      },
      "4": {
        "loc": { "start": { "line": 59, "column": 4 }, "end": { "line": 59, "column": null } },
        "type": "if",
        "locations": [
          { "start": { "line": 59, "column": 4 }, "end": { "line": 59, "column": null } },
          { "start": {}, "end": {} }
        ],
        "line": 59
      },
      "5": {
        "loc": { "start": { "line": 63, "column": 2 }, "end": { "line": 65, "column": null } },
        "type": "if",
        "locations": [
          { "start": { "line": 63, "column": 2 }, "end": { "line": 65, "column": null } },
          { "start": {}, "end": {} }
        ],
        "line": 63
      },
      "6": {
        "loc": { "start": { "line": 71, "column": 7 }, "end": { "line": 71, "column": null } },
        "type": "binary-expr",
        "locations": [
          { "start": { "line": 71, "column": 7 }, "end": { "line": 71, "column": 22 } },
          { "start": { "line": 71, "column": 22 }, "end": { "line": 71, "column": null } }
        ],
        "line": 71
      },
      "7": {
        "loc": { "start": { "line": 74, "column": 7 }, "end": { "line": 74, "column": null } },
        "type": "binary-expr",
        "locations": [
          { "start": { "line": 74, "column": 7 }, "end": { "line": 74, "column": 21 } },
          { "start": { "line": 74, "column": 21 }, "end": { "line": 74, "column": null } }
        ],
        "line": 74
      },
      "8": {
        "loc": { "start": { "line": 77, "column": 7 }, "end": { "line": 77, "column": null } },
        "type": "binary-expr",
        "locations": [
          { "start": { "line": 77, "column": 7 }, "end": { "line": 77, "column": 23 } },
          { "start": { "line": 77, "column": 23 }, "end": { "line": 77, "column": null } }
        ],
        "line": 77
      },
      "9": {
        "loc": { "start": { "line": 83, "column": 7 }, "end": { "line": 83, "column": null } },
        "type": "binary-expr",
        "locations": [
          { "start": { "line": 83, "column": 7 }, "end": { "line": 83, "column": 24 } },
          { "start": { "line": 83, "column": 24 }, "end": { "line": 83, "column": null } }
        ],
        "line": 83
      },
      "10": {
        "loc": { "start": { "line": 86, "column": 7 }, "end": { "line": 86, "column": null } },
        "type": "binary-expr",
        "locations": [
          { "start": { "line": 86, "column": 7 }, "end": { "line": 86, "column": 23 } },
          { "start": { "line": 86, "column": 23 }, "end": { "line": 86, "column": null } }
        ],
        "line": 86
      },
      "11": {
        "loc": { "start": { "line": 89, "column": 7 }, "end": { "line": 89, "column": null } },
        "type": "binary-expr",
        "locations": [
          { "start": { "line": 89, "column": 7 }, "end": { "line": 89, "column": 26 } },
          { "start": { "line": 89, "column": 26 }, "end": { "line": 89, "column": null } }
        ],
        "line": 89
      },
      "12": {
        "loc": { "start": { "line": 90, "column": 45 }, "end": { "line": 90, "column": null } },
        "type": "cond-expr",
        "locations": [
          { "start": { "line": 90, "column": 60 }, "end": { "line": 90, "column": 72 } },
          { "start": { "line": 90, "column": 72 }, "end": { "line": 90, "column": null } }
        ],
        "line": 90
      },
      "13": {
        "loc": { "start": { "line": 95, "column": 7 }, "end": { "line": 95, "column": null } },
        "type": "binary-expr",
        "locations": [
          { "start": { "line": 95, "column": 7 }, "end": { "line": 95, "column": 33 } },
          { "start": { "line": 95, "column": 33 }, "end": { "line": 95, "column": null } }
        ],
        "line": 95
      },
      "14": {
        "loc": { "start": { "line": 121, "column": 9 }, "end": { "line": 141, "column": null } },
        "type": "binary-expr",
        "locations": [
          { "start": { "line": 121, "column": 9 }, "end": { "line": 121, "column": 27 } },
          { "start": { "line": 121, "column": 27 }, "end": { "line": 121, "column": 57 } },
          { "start": { "line": 121, "column": 57 }, "end": { "line": 121, "column": null } },
          { "start": { "line": 122, "column": 10 }, "end": { "line": 141, "column": null } }
        ],
        "line": 121
      },
      "15": {
        "loc": { "start": { "line": 142, "column": 7 }, "end": { "line": 142, "column": null } },
        "type": "binary-expr",
        "locations": [
          { "start": { "line": 142, "column": 7 }, "end": { "line": 142, "column": 25 } },
          { "start": { "line": 142, "column": 25 }, "end": { "line": 142, "column": null } }
        ],
        "line": 142
      },
      "16": {
        "loc": { "start": { "line": 156, "column": 14 }, "end": { "line": 158, "column": null } },
        "type": "if",
        "locations": [
          { "start": { "line": 156, "column": 14 }, "end": { "line": 158, "column": null } },
          { "start": {}, "end": {} }
        ],
        "line": 156
      },
      "17": {
        "loc": { "start": { "line": 163, "column": 7 }, "end": { "line": 163, "column": null } },
        "type": "binary-expr",
        "locations": [
          { "start": { "line": 163, "column": 7 }, "end": { "line": 163, "column": 23 } },
          { "start": { "line": 163, "column": 23 }, "end": { "line": 163, "column": null } }
        ],
        "line": 163
      }
    },
    "s": {
      "0": 104,
      "1": 104,
      "2": 104,
      "3": 104,
      "4": 104,
      "5": 104,
      "6": 104,
      "7": 104,
      "8": 104,
      "9": 104,
      "10": 1,
      "11": 1,
      "12": 104,
      "13": 104,
      "14": 34,
      "15": 17,
      "16": 34,
      "17": 3,
      "18": 34,
      "19": 7,
      "20": 34,
      "21": 21,
      "22": 104,
      "23": 104,
      "24": 21,
      "25": 104,
      "26": 103,
      "27": 7,
      "28": 4,
      "29": 4,
      "30": 3,
      "31": 15,
      "32": 15,
      "33": 15,
      "34": 110,
      "35": 3,
      "36": 3,
      "37": 3,
      "38": 106,
      "39": 4,
      "40": 4,
      "41": 3
    },
    "f": {
      "0": 104,
      "1": 1,
      "2": 103,
      "3": 7,
      "4": 4,
      "5": 3,
      "6": 15,
      "7": 110,
      "8": 3,
      "9": 106,
      "10": 4
    },
    "b": {
      "0": [34, 70],
      "1": [17, 17],
      "2": [3, 31],
      "3": [7, 27],
      "4": [21, 13],
      "5": [21, 83],
      "6": [104, 1],
      "7": [104, 0],
      "8": [104, 3],
      "9": [104, 0],
      "10": [104, 0],
      "11": [104, 0],
      "12": [21, 83],
      "13": [104, 2],
      "14": [104, 27, 21, 21],
      "15": [104, 19],
      "16": [3, 1],
      "17": [104, 0]
    },
    "meta": {
      "lastBranch": 18,
      "lastFunction": 11,
      "lastStatement": 42,
      "seen": {
        "f:11:9:11:17": 0,
        "s:18:25:31:Infinity": 0,
        "s:33:8:37:Infinity": 1,
        "s:39:20:39:Infinity": 2,
        "s:40:23:40:Infinity": 3,
        "s:41:23:41:Infinity": 4,
        "s:42:21:42:Infinity": 5,
        "s:43:26:43:Infinity": 6,
        "s:45:41:45:Infinity": 7,
        "s:46:25:46:Infinity": 8,
        "s:47:8:47:Infinity": 9,
        "f:49:17:49:26": 1,
        "s:50:4:50:Infinity": 10,
        "s:51:4:51:Infinity": 11,
        "s:54:30:54:Infinity": 12,
        "b:55:2:60:Infinity:undefined:undefined:undefined:undefined": 0,
        "s:55:2:60:Infinity": 13,
        "b:56:4:56:Infinity:undefined:undefined:undefined:undefined": 1,
        "s:56:4:56:Infinity": 14,
        "s:56:20:56:Infinity": 15,
        "b:57:4:57:Infinity:undefined:undefined:undefined:undefined": 2,
        "s:57:4:57:Infinity": 16,
        "s:57:23:57:Infinity": 17,
        "b:58:4:58:Infinity:undefined:undefined:undefined:undefined": 3,
        "s:58:4:58:Infinity": 18,
        "s:58:23:58:Infinity": 19,
        "b:59:4:59:Infinity:undefined:undefined:undefined:undefined": 4,
        "s:59:4:59:Infinity": 20,
        "s:59:21:59:Infinity": 21,
        "s:62:21:62:Infinity": 22,
        "b:63:2:65:Infinity:undefined:undefined:undefined:undefined": 5,
        "s:63:2:65:Infinity": 23,
        "s:64:4:64:Infinity": 24,
        "s:67:2:167:Infinity": 25,
        "b:71:7:71:22:71:22:71:Infinity": 6,
        "b:74:7:74:21:74:21:74:Infinity": 7,
        "b:77:7:77:23:77:23:77:Infinity": 8,
        "b:83:7:83:24:83:24:83:Infinity": 9,
        "b:86:7:86:23:86:23:86:Infinity": 10,
        "b:89:7:89:26:89:26:89:Infinity": 11,
        "b:90:60:90:72:90:72:90:Infinity": 12,
        "b:95:7:95:33:95:33:95:Infinity": 13,
        "f:101:10:101:19": 2,
        "s:102:12:118:Infinity": 26,
        "f:108:14:108:29": 3,
        "s:108:29:108:Infinity": 27,
        "f:109:14:109:28": 4,
        "s:110:16:110:Infinity": 28,
        "s:111:16:111:Infinity": 29,
        "f:111:16:111:33": 5,
        "s:111:33:111:59": 30,
        "f:113:14:113:25": 6,
        "s:114:16:114:Infinity": 31,
        "s:115:16:115:Infinity": 32,
        "s:116:16:116:Infinity": 33,
        "b:121:9:121:27:121:27:121:57:121:57:121:Infinity:122:10:141:Infinity": 14,
        "f:126:31:126:36": 7,
        "s:127:14:137:Infinity": 34,
        "f:130:16:130:31": 8,
        "s:131:18:131:Infinity": 35,
        "s:132:18:132:Infinity": 36,
        "s:133:18:133:Infinity": 37,
        "b:142:7:142:25:142:25:142:Infinity": 15,
        "f:147:8:147:17": 9,
        "s:148:10:160:Infinity": 38,
        "f:154:12:154:23": 10,
        "s:155:27:155:Infinity": 39,
        "b:156:14:158:Infinity:undefined:undefined:undefined:undefined": 16,
        "s:156:14:158:Infinity": 40,
        "s:157:16:157:Infinity": 41,
        "b:163:7:163:23:163:23:163:Infinity": 17
      }
    }
  },
  "D:\\RSschool\\solarsungai-REACT2026Q2\\src\\components\\SubmissionItem.tsx": {
    "path": "D:\\RSschool\\solarsungai-REACT2026Q2\\src\\components\\SubmissionItem.tsx",
    "statementMap": {
      "0": { "start": { "line": 9, "column": 2 }, "end": { "line": 24, "column": null } }
    },
    "fnMap": {
      "0": {
        "name": "SubmissionItem",
        "decl": { "start": { "line": 8, "column": 9 }, "end": { "line": 8, "column": 24 } },
        "loc": { "start": { "line": 8, "column": 68 }, "end": { "line": 26, "column": null } },
        "line": 8
      }
    },
    "branchMap": {
      "0": {
        "loc": { "start": { "line": 10, "column": 39 }, "end": { "line": 10, "column": null } },
        "type": "cond-expr",
        "locations": [
          { "start": { "line": 10, "column": 47 }, "end": { "line": 10, "column": 76 } },
          { "start": { "line": 10, "column": 76 }, "end": { "line": 10, "column": null } }
        ],
        "line": 10
      }
    },
    "s": { "0": 7 },
    "f": { "0": 7 },
    "b": { "0": [3, 4] },
    "meta": {
      "lastBranch": 1,
      "lastFunction": 1,
      "lastStatement": 1,
      "seen": { "f:8:9:8:24": 0, "s:9:2:24:Infinity": 0, "b:10:47:10:76:10:76:10:Infinity": 0 }
    }
  },
  "D:\\RSschool\\solarsungai-REACT2026Q2\\src\\components\\UncontrolledForm.tsx": {
    "path": "D:\\RSschool\\solarsungai-REACT2026Q2\\src\\components\\UncontrolledForm.tsx",
    "statementMap": {
      "0": { "start": { "line": 12, "column": 17 }, "end": { "line": 12, "column": null } },
      "1": { "start": { "line": 13, "column": 49 }, "end": { "line": 13, "column": null } },
      "2": { "start": { "line": 14, "column": 60 }, "end": { "line": 15, "column": null } },
      "3": { "start": { "line": 16, "column": 25 }, "end": { "line": 16, "column": null } },
      "4": { "start": { "line": 17, "column": 8 }, "end": { "line": 17, "column": null } },
      "5": { "start": { "line": 19, "column": 30 }, "end": { "line": 19, "column": null } },
      "6": { "start": { "line": 20, "column": 2 }, "end": { "line": 25, "column": null } },
      "7": { "start": { "line": 21, "column": 4 }, "end": { "line": 21, "column": null } },
      "8": { "start": { "line": 21, "column": 37 }, "end": { "line": 21, "column": null } },
      "9": { "start": { "line": 22, "column": 4 }, "end": { "line": 22, "column": null } },
      "10": { "start": { "line": 22, "column": 40 }, "end": { "line": 22, "column": null } },
      "11": { "start": { "line": 23, "column": 4 }, "end": { "line": 23, "column": null } },
      "12": { "start": { "line": 23, "column": 40 }, "end": { "line": 23, "column": null } },
      "13": { "start": { "line": 24, "column": 4 }, "end": { "line": 24, "column": null } },
      "14": { "start": { "line": 24, "column": 38 }, "end": { "line": 24, "column": null } },
      "15": { "start": { "line": 27, "column": 4 }, "end": { "line": 29, "column": null } },
      "16": { "start": { "line": 32, "column": 4 }, "end": { "line": 32, "column": null } },
      "17": { "start": { "line": 33, "column": 24 }, "end": { "line": 33, "column": null } },
      "18": { "start": { "line": 34, "column": 21 }, "end": { "line": 34, "column": null } },
      "19": { "start": { "line": 36, "column": 17 }, "end": { "line": 36, "column": null } },
      "20": { "start": { "line": 37, "column": 16 }, "end": { "line": 37, "column": null } },
      "21": { "start": { "line": 38, "column": 18 }, "end": { "line": 38, "column": null } },
      "22": { "start": { "line": 39, "column": 19 }, "end": { "line": 39, "column": null } },
      "23": { "start": { "line": 40, "column": 18 }, "end": { "line": 40, "column": null } },
      "24": { "start": { "line": 41, "column": 21 }, "end": { "line": 41, "column": null } },
      "25": { "start": { "line": 42, "column": 28 }, "end": { "line": 42, "column": null } },
      "26": { "start": { "line": 43, "column": 20 }, "end": { "line": 43, "column": null } },
      "27": { "start": { "line": 44, "column": 18 }, "end": { "line": 44, "column": null } },
      "28": { "start": { "line": 46, "column": 19 }, "end": { "line": 56, "column": null } },
      "29": { "start": { "line": 58, "column": 4 }, "end": { "line": 80, "column": null } },
      "30": { "start": { "line": 59, "column": 50 }, "end": { "line": 59, "column": null } },
      "31": { "start": { "line": 60, "column": 6 }, "end": { "line": 65, "column": null } },
      "32": { "start": { "line": 61, "column": 22 }, "end": { "line": 61, "column": null } },
      "33": { "start": { "line": 62, "column": 8 }, "end": { "line": 64, "column": null } },
      "34": { "start": { "line": 63, "column": 10 }, "end": { "line": 63, "column": null } },
      "35": { "start": { "line": 66, "column": 6 }, "end": { "line": 66, "column": null } },
      "36": { "start": { "line": 68, "column": 6 }, "end": { "line": 76, "column": null } },
      "37": { "start": { "line": 77, "column": 6 }, "end": { "line": 77, "column": null } },
      "38": { "start": { "line": 78, "column": 6 }, "end": { "line": 78, "column": null } },
      "39": { "start": { "line": 79, "column": 6 }, "end": { "line": 79, "column": null } },
      "40": { "start": { "line": 83, "column": 2 }, "end": { "line": 163, "column": null } },
      "41": { "start": { "line": 108, "column": 25 }, "end": { "line": 108, "column": null } },
      "42": { "start": { "line": 125, "column": 12 }, "end": { "line": 125, "column": null } },
      "43": { "start": { "line": 126, "column": 12 }, "end": { "line": 126, "column": null } },
      "44": { "start": { "line": 128, "column": 25 }, "end": { "line": 128, "column": null } },
      "45": { "start": { "line": 130, "column": 12 }, "end": { "line": 130, "column": null } },
      "46": { "start": { "line": 130, "column": 29 }, "end": { "line": 130, "column": 55 } },
      "47": { "start": { "line": 141, "column": 14 }, "end": { "line": 151, "column": null } },
      "48": { "start": { "line": 144, "column": 18 }, "end": { "line": 144, "column": null } },
      "49": { "start": { "line": 144, "column": 47 }, "end": { "line": 144, "column": null } },
      "50": { "start": { "line": 145, "column": 18 }, "end": { "line": 145, "column": null } },
      "51": { "start": { "line": 146, "column": 18 }, "end": { "line": 146, "column": null } }
    },
    "fnMap": {
      "0": {
        "name": "UncontrolledForm",
        "decl": { "start": { "line": 11, "column": 9 }, "end": { "line": 11, "column": 26 } },
        "loc": { "start": { "line": 11, "column": 62 }, "end": { "line": 165, "column": null } },
        "line": 11
      },
      "1": {
        "name": "handleSubmit",
        "decl": { "start": { "line": 31, "column": 17 }, "end": { "line": 31, "column": 30 } },
        "loc": { "start": { "line": 31, "column": 69 }, "end": { "line": 81, "column": null } },
        "line": 31
      },
      "2": {
        "name": "(anonymous_2)",
        "decl": { "start": { "line": 60, "column": 26 }, "end": { "line": 60, "column": 35 } },
        "loc": { "start": { "line": 60, "column": 45 }, "end": { "line": 65, "column": 7 } },
        "line": 60
      },
      "3": {
        "name": "(anonymous_3)",
        "decl": { "start": { "line": 108, "column": 8 }, "end": { "line": 108, "column": 19 } },
        "loc": { "start": { "line": 108, "column": 25 }, "end": { "line": 108, "column": null } },
        "line": 108
      },
      "4": {
        "name": "(anonymous_4)",
        "decl": { "start": { "line": 124, "column": 10 }, "end": { "line": 124, "column": 21 } },
        "loc": { "start": { "line": 124, "column": 27 }, "end": { "line": 127, "column": null } },
        "line": 124
      },
      "5": {
        "name": "(anonymous_5)",
        "decl": { "start": { "line": 128, "column": 10 }, "end": { "line": 128, "column": 25 } },
        "loc": { "start": { "line": 128, "column": 25 }, "end": { "line": 128, "column": null } },
        "line": 128
      },
      "6": {
        "name": "(anonymous_6)",
        "decl": { "start": { "line": 129, "column": 10 }, "end": { "line": 129, "column": 24 } },
        "loc": { "start": { "line": 129, "column": 24 }, "end": { "line": 131, "column": null } },
        "line": 129
      },
      "7": {
        "name": "(anonymous_7)",
        "decl": { "start": { "line": 130, "column": 12 }, "end": { "line": 130, "column": 29 } },
        "loc": { "start": { "line": 130, "column": 29 }, "end": { "line": 130, "column": 55 } },
        "line": 130
      },
      "8": {
        "name": "(anonymous_8)",
        "decl": { "start": { "line": 140, "column": 31 }, "end": { "line": 140, "column": 36 } },
        "loc": { "start": { "line": 141, "column": 14 }, "end": { "line": 151, "column": null } },
        "line": 141
      },
      "9": {
        "name": "(anonymous_9)",
        "decl": { "start": { "line": 143, "column": 16 }, "end": { "line": 143, "column": 31 } },
        "loc": { "start": { "line": 143, "column": 31 }, "end": { "line": 147, "column": null } },
        "line": 143
      }
    },
    "branchMap": {
      "0": {
        "loc": { "start": { "line": 20, "column": 2 }, "end": { "line": 25, "column": null } },
        "type": "if",
        "locations": [
          { "start": { "line": 20, "column": 2 }, "end": { "line": 25, "column": null } },
          { "start": {}, "end": {} }
        ],
        "line": 20
      },
      "1": {
        "loc": { "start": { "line": 21, "column": 4 }, "end": { "line": 21, "column": null } },
        "type": "if",
        "locations": [
          { "start": { "line": 21, "column": 4 }, "end": { "line": 21, "column": null } },
          { "start": {}, "end": {} }
        ],
        "line": 21
      },
      "2": {
        "loc": { "start": { "line": 22, "column": 4 }, "end": { "line": 22, "column": null } },
        "type": "if",
        "locations": [
          { "start": { "line": 22, "column": 4 }, "end": { "line": 22, "column": null } },
          { "start": {}, "end": {} }
        ],
        "line": 22
      },
      "3": {
        "loc": { "start": { "line": 23, "column": 4 }, "end": { "line": 23, "column": null } },
        "type": "if",
        "locations": [
          { "start": { "line": 23, "column": 4 }, "end": { "line": 23, "column": null } },
          { "start": {}, "end": {} }
        ],
        "line": 23
      },
      "4": {
        "loc": { "start": { "line": 24, "column": 4 }, "end": { "line": 24, "column": null } },
        "type": "if",
        "locations": [
          { "start": { "line": 24, "column": 4 }, "end": { "line": 24, "column": null } },
          { "start": {}, "end": {} }
        ],
        "line": 24
      },
      "5": {
        "loc": { "start": { "line": 27, "column": 4 }, "end": { "line": 29, "column": null } },
        "type": "cond-expr",
        "locations": [
          { "start": { "line": 28, "column": 8 }, "end": { "line": 28, "column": null } },
          { "start": { "line": 29, "column": 8 }, "end": { "line": 29, "column": null } }
        ],
        "line": 27
      },
      "6": {
        "loc": { "start": { "line": 58, "column": 4 }, "end": { "line": 80, "column": null } },
        "type": "if",
        "locations": [
          { "start": { "line": 58, "column": 4 }, "end": { "line": 80, "column": null } },
          { "start": { "line": 67, "column": 11 }, "end": { "line": 80, "column": null } }
        ],
        "line": 58
      },
      "7": {
        "loc": { "start": { "line": 62, "column": 8 }, "end": { "line": 64, "column": null } },
        "type": "if",
        "locations": [
          { "start": { "line": 62, "column": 8 }, "end": { "line": 64, "column": null } },
          { "start": {}, "end": {} }
        ],
        "line": 62
      },
      "8": {
        "loc": { "start": { "line": 87, "column": 7 }, "end": { "line": 87, "column": null } },
        "type": "binary-expr",
        "locations": [
          { "start": { "line": 87, "column": 7 }, "end": { "line": 87, "column": 22 } },
          { "start": { "line": 87, "column": 22 }, "end": { "line": 87, "column": null } }
        ],
        "line": 87
      },
      "9": {
        "loc": { "start": { "line": 90, "column": 7 }, "end": { "line": 90, "column": null } },
        "type": "binary-expr",
        "locations": [
          { "start": { "line": 90, "column": 7 }, "end": { "line": 90, "column": 21 } },
          { "start": { "line": 90, "column": 21 }, "end": { "line": 90, "column": null } }
        ],
        "line": 90
      },
      "10": {
        "loc": { "start": { "line": 93, "column": 7 }, "end": { "line": 93, "column": null } },
        "type": "binary-expr",
        "locations": [
          { "start": { "line": 93, "column": 7 }, "end": { "line": 93, "column": 23 } },
          { "start": { "line": 93, "column": 23 }, "end": { "line": 93, "column": null } }
        ],
        "line": 93
      },
      "11": {
        "loc": { "start": { "line": 99, "column": 7 }, "end": { "line": 99, "column": null } },
        "type": "binary-expr",
        "locations": [
          { "start": { "line": 99, "column": 7 }, "end": { "line": 99, "column": 24 } },
          { "start": { "line": 99, "column": 24 }, "end": { "line": 99, "column": null } }
        ],
        "line": 99
      },
      "12": {
        "loc": { "start": { "line": 102, "column": 7 }, "end": { "line": 102, "column": null } },
        "type": "binary-expr",
        "locations": [
          { "start": { "line": 102, "column": 7 }, "end": { "line": 102, "column": 23 } },
          { "start": { "line": 102, "column": 23 }, "end": { "line": 102, "column": null } }
        ],
        "line": 102
      },
      "13": {
        "loc": { "start": { "line": 110, "column": 7 }, "end": { "line": 110, "column": null } },
        "type": "binary-expr",
        "locations": [
          { "start": { "line": 110, "column": 7 }, "end": { "line": 110, "column": 26 } },
          { "start": { "line": 110, "column": 26 }, "end": { "line": 110, "column": null } }
        ],
        "line": 110
      },
      "14": {
        "loc": { "start": { "line": 111, "column": 45 }, "end": { "line": 111, "column": null } },
        "type": "cond-expr",
        "locations": [
          { "start": { "line": 111, "column": 68 }, "end": { "line": 111, "column": 80 } },
          { "start": { "line": 111, "column": 80 }, "end": { "line": 111, "column": null } }
        ],
        "line": 111
      },
      "15": {
        "loc": { "start": { "line": 116, "column": 7 }, "end": { "line": 116, "column": null } },
        "type": "binary-expr",
        "locations": [
          { "start": { "line": 116, "column": 7 }, "end": { "line": 116, "column": 33 } },
          { "start": { "line": 116, "column": 33 }, "end": { "line": 116, "column": null } }
        ],
        "line": 116
      },
      "16": {
        "loc": { "start": { "line": 135, "column": 9 }, "end": { "line": 155, "column": null } },
        "type": "binary-expr",
        "locations": [
          { "start": { "line": 135, "column": 9 }, "end": { "line": 135, "column": 27 } },
          { "start": { "line": 135, "column": 27 }, "end": { "line": 135, "column": 57 } },
          { "start": { "line": 135, "column": 57 }, "end": { "line": 135, "column": null } },
          { "start": { "line": 136, "column": 10 }, "end": { "line": 155, "column": null } }
        ],
        "line": 135
      },
      "17": {
        "loc": { "start": { "line": 144, "column": 18 }, "end": { "line": 144, "column": null } },
        "type": "if",
        "locations": [
          { "start": { "line": 144, "column": 18 }, "end": { "line": 144, "column": null } },
          { "start": {}, "end": {} }
        ],
        "line": 144
      },
      "18": {
        "loc": { "start": { "line": 156, "column": 7 }, "end": { "line": 156, "column": null } },
        "type": "binary-expr",
        "locations": [
          { "start": { "line": 156, "column": 7 }, "end": { "line": 156, "column": 25 } },
          { "start": { "line": 156, "column": 25 }, "end": { "line": 156, "column": null } }
        ],
        "line": 156
      },
      "19": {
        "loc": { "start": { "line": 159, "column": 7 }, "end": { "line": 159, "column": null } },
        "type": "binary-expr",
        "locations": [
          { "start": { "line": 159, "column": 7 }, "end": { "line": 159, "column": 23 } },
          { "start": { "line": 159, "column": 23 }, "end": { "line": 159, "column": null } }
        ],
        "line": 159
      }
    },
    "s": {
      "0": 47,
      "1": 47,
      "2": 47,
      "3": 47,
      "4": 47,
      "5": 47,
      "6": 47,
      "7": 15,
      "8": 9,
      "9": 15,
      "10": 3,
      "11": 15,
      "12": 2,
      "13": 15,
      "14": 11,
      "15": 47,
      "16": 2,
      "17": 2,
      "18": 2,
      "19": 2,
      "20": 2,
      "21": 2,
      "22": 2,
      "23": 2,
      "24": 2,
      "25": 2,
      "26": 2,
      "27": 2,
      "28": 2,
      "29": 2,
      "30": 1,
      "31": 1,
      "32": 7,
      "33": 7,
      "34": 7,
      "35": 1,
      "36": 1,
      "37": 1,
      "38": 1,
      "39": 1,
      "40": 47,
      "41": 13,
      "42": 12,
      "43": 12,
      "44": 5,
      "45": 3,
      "46": 3,
      "47": 51,
      "48": 2,
      "49": 2,
      "50": 2,
      "51": 2
    },
    "f": { "0": 47, "1": 2, "2": 7, "3": 13, "4": 12, "5": 5, "6": 3, "7": 3, "8": 51, "9": 2 },
    "b": {
      "0": [15, 32],
      "1": [9, 6],
      "2": [3, 12],
      "3": [2, 13],
      "4": [11, 4],
      "5": [11, 36],
      "6": [1, 1],
      "7": [7, 0],
      "8": [47, 1],
      "9": [47, 0],
      "10": [47, 1],
      "11": [47, 0],
      "12": [47, 1],
      "13": [47, 1],
      "14": [11, 36],
      "15": [47, 1],
      "16": [47, 17, 12, 12],
      "17": [2, 0],
      "18": [47, 1],
      "19": [47, 1]
    },
    "meta": {
      "lastBranch": 20,
      "lastFunction": 10,
      "lastStatement": 52,
      "seen": {
        "f:11:9:11:26": 0,
        "s:12:17:12:Infinity": 0,
        "s:13:49:13:Infinity": 1,
        "s:14:60:15:Infinity": 2,
        "s:16:25:16:Infinity": 3,
        "s:17:8:17:Infinity": 4,
        "s:19:30:19:Infinity": 5,
        "b:20:2:25:Infinity:undefined:undefined:undefined:undefined": 0,
        "s:20:2:25:Infinity": 6,
        "b:21:4:21:Infinity:undefined:undefined:undefined:undefined": 1,
        "s:21:4:21:Infinity": 7,
        "s:21:37:21:Infinity": 8,
        "b:22:4:22:Infinity:undefined:undefined:undefined:undefined": 2,
        "s:22:4:22:Infinity": 9,
        "s:22:40:22:Infinity": 10,
        "b:23:4:23:Infinity:undefined:undefined:undefined:undefined": 3,
        "s:23:4:23:Infinity": 11,
        "s:23:40:23:Infinity": 12,
        "b:24:4:24:Infinity:undefined:undefined:undefined:undefined": 4,
        "s:24:4:24:Infinity": 13,
        "s:24:38:24:Infinity": 14,
        "s:27:4:29:Infinity": 15,
        "b:28:8:28:Infinity:29:8:29:Infinity": 5,
        "f:31:17:31:30": 1,
        "s:32:4:32:Infinity": 16,
        "s:33:24:33:Infinity": 17,
        "s:34:21:34:Infinity": 18,
        "s:36:17:36:Infinity": 19,
        "s:37:16:37:Infinity": 20,
        "s:38:18:38:Infinity": 21,
        "s:39:19:39:Infinity": 22,
        "s:40:18:40:Infinity": 23,
        "s:41:21:41:Infinity": 24,
        "s:42:28:42:Infinity": 25,
        "s:43:20:43:Infinity": 26,
        "s:44:18:44:Infinity": 27,
        "s:46:19:56:Infinity": 28,
        "b:58:4:80:Infinity:67:11:80:Infinity": 6,
        "s:58:4:80:Infinity": 29,
        "s:59:50:59:Infinity": 30,
        "s:60:6:65:Infinity": 31,
        "f:60:26:60:35": 2,
        "s:61:22:61:Infinity": 32,
        "b:62:8:64:Infinity:undefined:undefined:undefined:undefined": 7,
        "s:62:8:64:Infinity": 33,
        "s:63:10:63:Infinity": 34,
        "s:66:6:66:Infinity": 35,
        "s:68:6:76:Infinity": 36,
        "s:77:6:77:Infinity": 37,
        "s:78:6:78:Infinity": 38,
        "s:79:6:79:Infinity": 39,
        "s:83:2:163:Infinity": 40,
        "b:87:7:87:22:87:22:87:Infinity": 8,
        "b:90:7:90:21:90:21:90:Infinity": 9,
        "b:93:7:93:23:93:23:93:Infinity": 10,
        "b:99:7:99:24:99:24:99:Infinity": 11,
        "b:102:7:102:23:102:23:102:Infinity": 12,
        "f:108:8:108:19": 3,
        "s:108:25:108:Infinity": 41,
        "b:110:7:110:26:110:26:110:Infinity": 13,
        "b:111:68:111:80:111:80:111:Infinity": 14,
        "b:116:7:116:33:116:33:116:Infinity": 15,
        "f:124:10:124:21": 4,
        "s:125:12:125:Infinity": 42,
        "s:126:12:126:Infinity": 43,
        "f:128:10:128:25": 5,
        "s:128:25:128:Infinity": 44,
        "f:129:10:129:24": 6,
        "s:130:12:130:Infinity": 45,
        "f:130:12:130:29": 7,
        "s:130:29:130:55": 46,
        "b:135:9:135:27:135:27:135:57:135:57:135:Infinity:136:10:155:Infinity": 16,
        "f:140:31:140:36": 8,
        "s:141:14:151:Infinity": 47,
        "f:143:16:143:31": 9,
        "b:144:18:144:Infinity:undefined:undefined:undefined:undefined": 17,
        "s:144:18:144:Infinity": 48,
        "s:144:47:144:Infinity": 49,
        "s:145:18:145:Infinity": 50,
        "s:146:18:146:Infinity": 51,
        "b:156:7:156:25:156:25:156:Infinity": 18,
        "b:159:7:159:23:159:23:159:Infinity": 19
      }
    }
  },
  "D:\\RSschool\\solarsungai-REACT2026Q2\\src\\constants\\countries.ts": {
    "path": "D:\\RSschool\\solarsungai-REACT2026Q2\\src\\constants\\countries.ts",
    "statementMap": {
      "0": { "start": { "line": 1, "column": 28 }, "end": { "line": 53, "column": null } }
    },
    "fnMap": {},
    "branchMap": {},
    "s": { "0": 9 },
    "f": {},
    "b": {},
    "meta": {
      "lastBranch": 0,
      "lastFunction": 0,
      "lastStatement": 1,
      "seen": { "s:1:28:53:Infinity": 0 }
    }
  },
  "D:\\RSschool\\solarsungai-REACT2026Q2\\src\\hooks\\useCountryAutocomplete.tsx": {
    "path": "D:\\RSschool\\solarsungai-REACT2026Q2\\src\\hooks\\useCountryAutocomplete.tsx",
    "statementMap": {
      "0": { "start": { "line": 6, "column": 8 }, "end": { "line": 6, "column": null } },
      "1": { "start": { "line": 6, "column": 54 }, "end": { "line": 6, "column": 69 } },
      "2": { "start": { "line": 7, "column": 23 }, "end": { "line": 7, "column": null } },
      "3": { "start": { "line": 8, "column": 8 }, "end": { "line": 8, "column": null } },
      "4": { "start": { "line": 9, "column": 28 }, "end": { "line": 11, "column": null } },
      "5": { "start": { "line": 10, "column": 4 }, "end": { "line": 10, "column": null } },
      "6": { "start": { "line": 12, "column": 2 }, "end": { "line": 12, "column": null } }
    },
    "fnMap": {
      "0": {
        "name": "useCountryAutocomplete",
        "decl": { "start": { "line": 5, "column": 9 }, "end": { "line": 5, "column": 34 } },
        "loc": { "start": { "line": 5, "column": 34 }, "end": { "line": 13, "column": null } },
        "line": 5
      },
      "1": {
        "name": "(anonymous_1)",
        "decl": { "start": { "line": 6, "column": 20 }, "end": { "line": 6, "column": 33 } },
        "loc": { "start": { "line": 6, "column": 54 }, "end": { "line": 6, "column": 69 } },
        "line": 6
      },
      "2": {
        "name": "(anonymous_2)",
        "decl": { "start": { "line": 9, "column": 38 }, "end": { "line": 9, "column": 46 } },
        "loc": { "start": { "line": 10, "column": 4 }, "end": { "line": 10, "column": null } },
        "line": 10
      }
    },
    "branchMap": {},
    "s": { "0": 159, "1": 193, "2": 159, "3": 159, "4": 159, "5": 8109, "6": 159 },
    "f": { "0": 159, "1": 193, "2": 8109 },
    "b": {},
    "meta": {
      "lastBranch": 0,
      "lastFunction": 3,
      "lastStatement": 7,
      "seen": {
        "f:5:9:5:34": 0,
        "s:6:8:6:Infinity": 0,
        "f:6:20:6:33": 1,
        "s:6:54:6:69": 1,
        "s:7:23:7:Infinity": 2,
        "s:8:8:8:Infinity": 3,
        "s:9:28:11:Infinity": 4,
        "f:9:38:9:46": 2,
        "s:10:4:10:Infinity": 5,
        "s:12:2:12:Infinity": 6
      }
    }
  },
  "D:\\RSschool\\solarsungai-REACT2026Q2\\src\\hooks\\useFormSubmit.tsx": {
    "path": "D:\\RSschool\\solarsungai-REACT2026Q2\\src\\hooks\\useFormSubmit.tsx",
    "statementMap": {
      "0": { "start": { "line": 16, "column": 8 }, "end": { "line": 16, "column": null } },
      "1": { "start": { "line": 19, "column": 24 }, "end": { "line": 19, "column": null } },
      "2": { "start": { "line": 20, "column": 4 }, "end": { "line": 20, "column": null } },
      "3": { "start": { "line": 21, "column": 4 }, "end": { "line": 33, "column": null } },
      "4": { "start": { "line": 22, "column": 6 }, "end": { "line": 32, "column": null } },
      "5": { "start": { "line": 36, "column": 2 }, "end": { "line": 36, "column": null } }
    },
    "fnMap": {
      "0": {
        "name": "useFormSubmit",
        "decl": { "start": { "line": 15, "column": 9 }, "end": { "line": 15, "column": 23 } },
        "loc": { "start": { "line": 15, "column": 44 }, "end": { "line": 37, "column": null } },
        "line": 15
      },
      "1": {
        "name": "submitForm",
        "decl": { "start": { "line": 18, "column": 17 }, "end": { "line": 18, "column": 28 } },
        "loc": { "start": { "line": 18, "column": 50 }, "end": { "line": 34, "column": null } },
        "line": 18
      },
      "2": {
        "name": "(anonymous_2)",
        "decl": { "start": { "line": 21, "column": 4 }, "end": { "line": 21, "column": 21 } },
        "loc": { "start": { "line": 21, "column": 21 }, "end": { "line": 33, "column": 7 } },
        "line": 21
      }
    },
    "branchMap": {},
    "s": { "0": 2, "1": 2, "2": 2, "3": 2, "4": 1, "5": 2 },
    "f": { "0": 2, "1": 2, "2": 1 },
    "b": {},
    "meta": {
      "lastBranch": 0,
      "lastFunction": 3,
      "lastStatement": 6,
      "seen": {
        "f:15:9:15:23": 0,
        "s:16:8:16:Infinity": 0,
        "f:18:17:18:28": 1,
        "s:19:24:19:Infinity": 1,
        "s:20:4:20:Infinity": 2,
        "s:21:4:33:Infinity": 3,
        "f:21:4:21:21": 2,
        "s:22:6:32:Infinity": 4,
        "s:36:2:36:Infinity": 5
      }
    }
  },
  "D:\\RSschool\\solarsungai-REACT2026Q2\\src\\hooks\\usePasswordStrength.tsx": {
    "path": "D:\\RSschool\\solarsungai-REACT2026Q2\\src\\hooks\\usePasswordStrength.tsx",
    "statementMap": {
      "0": { "start": { "line": 4, "column": 26 }, "end": { "line": 4, "column": null } },
      "1": { "start": { "line": 5, "column": 27 }, "end": { "line": 10, "column": null } },
      "2": { "start": { "line": 13, "column": 4 }, "end": { "line": 13, "column": null } },
      "3": { "start": { "line": 14, "column": 22 }, "end": { "line": 14, "column": null } },
      "4": { "start": { "line": 14, "column": 47 }, "end": { "line": 14, "column": 83 } },
      "5": { "start": { "line": 15, "column": 25 }, "end": { "line": 15, "column": null } },
      "6": { "start": { "line": 15, "column": 50 }, "end": { "line": 15, "column": 77 } },
      "7": { "start": { "line": 16, "column": 25 }, "end": { "line": 16, "column": null } },
      "8": { "start": { "line": 16, "column": 50 }, "end": { "line": 16, "column": 77 } },
      "9": { "start": { "line": 17, "column": 25 }, "end": { "line": 17, "column": null } },
      "10": { "start": { "line": 18, "column": 23 }, "end": { "line": 18, "column": null } },
      "11": { "start": { "line": 18, "column": 48 }, "end": { "line": 18, "column": 75 } },
      "12": { "start": { "line": 19, "column": 4 }, "end": { "line": 19, "column": null } },
      "13": { "start": { "line": 22, "column": 2 }, "end": { "line": 22, "column": null } }
    },
    "fnMap": {
      "0": {
        "name": "usePasswordStrength",
        "decl": { "start": { "line": 3, "column": 9 }, "end": { "line": 3, "column": 31 } },
        "loc": { "start": { "line": 3, "column": 31 }, "end": { "line": 23, "column": null } },
        "line": 3
      },
      "1": {
        "name": "handlePasswordChange",
        "decl": { "start": { "line": 12, "column": 11 }, "end": { "line": 12, "column": 32 } },
        "loc": { "start": { "line": 12, "column": 46 }, "end": { "line": 20, "column": null } },
        "line": 12
      },
      "2": {
        "name": "(anonymous_2)",
        "decl": { "start": { "line": 14, "column": 32 }, "end": { "line": 14, "column": 38 } },
        "loc": { "start": { "line": 14, "column": 47 }, "end": { "line": 14, "column": 83 } },
        "line": 14
      },
      "3": {
        "name": "(anonymous_3)",
        "decl": { "start": { "line": 15, "column": 35 }, "end": { "line": 15, "column": 41 } },
        "loc": { "start": { "line": 15, "column": 50 }, "end": { "line": 15, "column": 77 } },
        "line": 15
      },
      "4": {
        "name": "(anonymous_4)",
        "decl": { "start": { "line": 16, "column": 35 }, "end": { "line": 16, "column": 41 } },
        "loc": { "start": { "line": 16, "column": 50 }, "end": { "line": 16, "column": 77 } },
        "line": 16
      },
      "5": {
        "name": "(anonymous_5)",
        "decl": { "start": { "line": 18, "column": 33 }, "end": { "line": 18, "column": 39 } },
        "loc": { "start": { "line": 18, "column": 48 }, "end": { "line": 18, "column": 75 } },
        "line": 18
      }
    },
    "branchMap": {
      "0": {
        "loc": { "start": { "line": 14, "column": 47 }, "end": { "line": 14, "column": 83 } },
        "type": "binary-expr",
        "locations": [
          { "start": { "line": 14, "column": 47 }, "end": { "line": 14, "column": 63 } },
          { "start": { "line": 14, "column": 63 }, "end": { "line": 14, "column": 83 } }
        ],
        "line": 14
      }
    },
    "s": {
      "0": 60,
      "1": 60,
      "2": 19,
      "3": 19,
      "4": 47,
      "5": 19,
      "6": 23,
      "7": 19,
      "8": 30,
      "9": 19,
      "10": 19,
      "11": 50,
      "12": 19,
      "13": 60
    },
    "f": { "0": 60, "1": 19, "2": 47, "3": 23, "4": 30, "5": 50 },
    "b": { "0": [47, 46] },
    "meta": {
      "lastBranch": 1,
      "lastFunction": 6,
      "lastStatement": 14,
      "seen": {
        "f:3:9:3:31": 0,
        "s:4:26:4:Infinity": 0,
        "s:5:27:10:Infinity": 1,
        "f:12:11:12:32": 1,
        "s:13:4:13:Infinity": 2,
        "s:14:22:14:Infinity": 3,
        "f:14:32:14:38": 2,
        "s:14:47:14:83": 4,
        "b:14:47:14:63:14:63:14:83": 0,
        "s:15:25:15:Infinity": 5,
        "f:15:35:15:41": 3,
        "s:15:50:15:77": 6,
        "s:16:25:16:Infinity": 7,
        "f:16:35:16:41": 4,
        "s:16:50:16:77": 8,
        "s:17:25:17:Infinity": 9,
        "s:18:23:18:Infinity": 10,
        "f:18:33:18:39": 5,
        "s:18:48:18:75": 11,
        "s:19:4:19:Infinity": 12,
        "s:22:2:22:Infinity": 13
      }
    }
  },
  "D:\\RSschool\\solarsungai-REACT2026Q2\\src\\pages\\MainPage.tsx": {
    "path": "D:\\RSschool\\solarsungai-REACT2026Q2\\src\\pages\\MainPage.tsx",
    "statementMap": {
      "0": { "start": { "line": 12, "column": 19 }, "end": { "line": 12, "column": null } },
      "1": { "start": { "line": 13, "column": 8 }, "end": { "line": 13, "column": null } },
      "2": { "start": { "line": 13, "column": 56 }, "end": { "line": 13, "column": 73 } },
      "3": { "start": { "line": 14, "column": 8 }, "end": { "line": 14, "column": null } },
      "4": { "start": { "line": 14, "column": 28 }, "end": { "line": 14, "column": null } },
      "5": { "start": { "line": 16, "column": 2 }, "end": { "line": 78, "column": null } },
      "6": { "start": { "line": 38, "column": 31 }, "end": { "line": 38, "column": null } },
      "7": { "start": { "line": 46, "column": 31 }, "end": { "line": 46, "column": null } },
      "8": { "start": { "line": 66, "column": 18 }, "end": { "line": 70, "column": null } }
    },
    "fnMap": {
      "0": {
        "name": "MainPage",
        "decl": { "start": { "line": 11, "column": 16 }, "end": { "line": 11, "column": 27 } },
        "loc": { "start": { "line": 11, "column": 27 }, "end": { "line": 80, "column": null } },
        "line": 11
      },
      "1": {
        "name": "(anonymous_1)",
        "decl": { "start": { "line": 13, "column": 22 }, "end": { "line": 13, "column": 35 } },
        "loc": { "start": { "line": 13, "column": 56 }, "end": { "line": 13, "column": 73 } },
        "line": 13
      },
      "2": {
        "name": "(anonymous_2)",
        "decl": { "start": { "line": 14, "column": 8 }, "end": { "line": 14, "column": 28 } },
        "loc": { "start": { "line": 14, "column": 28 }, "end": { "line": 14, "column": null } },
        "line": 14
      },
      "3": {
        "name": "(anonymous_3)",
        "decl": { "start": { "line": 38, "column": 16 }, "end": { "line": 38, "column": 31 } },
        "loc": { "start": { "line": 38, "column": 31 }, "end": { "line": 38, "column": null } },
        "line": 38
      },
      "4": {
        "name": "(anonymous_4)",
        "decl": { "start": { "line": 46, "column": 16 }, "end": { "line": 46, "column": 31 } },
        "loc": { "start": { "line": 46, "column": 31 }, "end": { "line": 46, "column": null } },
        "line": 46
      },
      "5": {
        "name": "(anonymous_5)",
        "decl": { "start": { "line": 65, "column": 29 }, "end": { "line": 65, "column": 34 } },
        "loc": { "start": { "line": 66, "column": 18 }, "end": { "line": 70, "column": null } },
        "line": 66
      }
    },
    "branchMap": {
      "0": {
        "loc": { "start": { "line": 18, "column": 7 }, "end": { "line": 27, "column": 7 } },
        "type": "binary-expr",
        "locations": [
          { "start": { "line": 18, "column": 7 }, "end": { "line": 18, "column": null } },
          { "start": { "line": 19, "column": 8 }, "end": { "line": 27, "column": 7 } }
        ],
        "line": 18
      },
      "1": {
        "loc": { "start": { "line": 20, "column": 11 }, "end": { "line": 23, "column": null } },
        "type": "cond-expr",
        "locations": [
          { "start": { "line": 21, "column": 12 }, "end": { "line": 23, "column": 13 } },
          { "start": { "line": 23, "column": 12 }, "end": { "line": 23, "column": null } }
        ],
        "line": 20
      },
      "2": {
        "loc": { "start": { "line": 58, "column": 13 }, "end": { "line": 72, "column": null } },
        "type": "cond-expr",
        "locations": [
          { "start": { "line": 59, "column": 14 }, "end": { "line": 64, "column": 15 } },
          { "start": { "line": 64, "column": 14 }, "end": { "line": 72, "column": null } }
        ],
        "line": 58
      }
    },
    "s": { "0": 16, "1": 16, "2": 26, "3": 16, "4": 2, "5": 16, "6": 2, "7": 2, "8": 3 },
    "f": { "0": 16, "1": 26, "2": 2, "3": 2, "4": 2, "5": 3 },
    "b": { "0": [16, 4], "1": [2, 2], "2": [14, 2] },
    "meta": {
      "lastBranch": 3,
      "lastFunction": 6,
      "lastStatement": 9,
      "seen": {
        "f:11:16:11:27": 0,
        "s:12:19:12:Infinity": 0,
        "s:13:8:13:Infinity": 1,
        "f:13:22:13:35": 1,
        "s:13:56:13:73": 2,
        "s:14:8:14:Infinity": 3,
        "f:14:8:14:28": 2,
        "s:14:28:14:Infinity": 4,
        "s:16:2:78:Infinity": 5,
        "b:18:7:18:Infinity:19:8:27:7": 0,
        "b:21:12:23:13:23:12:23:Infinity": 1,
        "f:38:16:38:31": 3,
        "s:38:31:38:Infinity": 6,
        "f:46:16:46:31": 4,
        "s:46:31:46:Infinity": 7,
        "b:59:14:64:15:64:14:72:Infinity": 2,
        "f:65:29:65:34": 5,
        "s:66:18:70:Infinity": 8
      }
    }
  },
  "D:\\RSschool\\solarsungai-REACT2026Q2\\src\\store\\countriesSlice.ts": {
    "path": "D:\\RSschool\\solarsungai-REACT2026Q2\\src\\store\\countriesSlice.ts",
    "statementMap": {
      "0": { "start": { "line": 4, "column": 6 }, "end": { "line": 8, "column": null } }
    },
    "fnMap": {},
    "branchMap": {},
    "s": { "0": 8 },
    "f": {},
    "b": {},
    "meta": {
      "lastBranch": 0,
      "lastFunction": 0,
      "lastStatement": 1,
      "seen": { "s:4:6:8:Infinity": 0 }
    }
  },
  "D:\\RSschool\\solarsungai-REACT2026Q2\\src\\store\\index.ts": {
    "path": "D:\\RSschool\\solarsungai-REACT2026Q2\\src\\store\\index.ts",
    "statementMap": {
      "0": { "start": { "line": 5, "column": 13 }, "end": { "line": 10, "column": null } }
    },
    "fnMap": {},
    "branchMap": {},
    "s": { "0": 6 },
    "f": {},
    "b": {},
    "meta": {
      "lastBranch": 0,
      "lastFunction": 0,
      "lastStatement": 1,
      "seen": { "s:5:13:10:Infinity": 0 }
    }
  },
  "D:\\RSschool\\solarsungai-REACT2026Q2\\src\\store\\submissionsSlice.ts": {
    "path": "D:\\RSschool\\solarsungai-REACT2026Q2\\src\\store\\submissionsSlice.ts",
    "statementMap": {
      "0": { "start": { "line": 13, "column": 6 }, "end": { "line": 21, "column": null } },
      "1": { "start": { "line": 18, "column": 6 }, "end": { "line": 18, "column": null } },
      "2": { "start": { "line": 23, "column": 33 }, "end": { "line": 23, "column": null } }
    },
    "fnMap": {
      "0": {
        "name": "(anonymous_0)",
        "decl": { "start": { "line": 17, "column": 4 }, "end": { "line": 17, "column": 20 } },
        "loc": { "start": { "line": 17, "column": 38 }, "end": { "line": 19, "column": null } },
        "line": 17
      }
    },
    "branchMap": {},
    "s": { "0": 8, "1": 3, "2": 8 },
    "f": { "0": 3 },
    "b": {},
    "meta": {
      "lastBranch": 0,
      "lastFunction": 1,
      "lastStatement": 3,
      "seen": {
        "s:13:6:21:Infinity": 0,
        "f:17:4:17:20": 0,
        "s:18:6:18:Infinity": 1,
        "s:23:33:23:Infinity": 2
      }
    }
  },
  "D:\\RSschool\\solarsungai-REACT2026Q2\\src\\utils\\toBase64.ts": {
    "path": "D:\\RSschool\\solarsungai-REACT2026Q2\\src\\utils\\toBase64.ts",
    "statementMap": {
      "0": { "start": { "line": 2, "column": 2 }, "end": { "line": 7, "column": null } },
      "1": { "start": { "line": 3, "column": 19 }, "end": { "line": 3, "column": null } },
      "2": { "start": { "line": 4, "column": 4 }, "end": { "line": 4, "column": null } },
      "3": { "start": { "line": 4, "column": 26 }, "end": { "line": 4, "column": null } },
      "4": { "start": { "line": 5, "column": 4 }, "end": { "line": 5, "column": null } },
      "5": { "start": { "line": 6, "column": 4 }, "end": { "line": 6, "column": null } }
    },
    "fnMap": {
      "0": {
        "name": "toBase64",
        "decl": { "start": { "line": 1, "column": 9 }, "end": { "line": 1, "column": 18 } },
        "loc": { "start": { "line": 1, "column": 47 }, "end": { "line": 8, "column": null } },
        "line": 1
      },
      "1": {
        "name": "(anonymous_1)",
        "decl": { "start": { "line": 2, "column": 13 }, "end": { "line": 2, "column": 22 } },
        "loc": { "start": { "line": 2, "column": 42 }, "end": { "line": 7, "column": 3 } },
        "line": 2
      },
      "2": {
        "name": "(anonymous_2)",
        "decl": { "start": { "line": 4, "column": 11 }, "end": { "line": 4, "column": 26 } },
        "loc": { "start": { "line": 4, "column": 26 }, "end": { "line": 4, "column": null } },
        "line": 4
      }
    },
    "branchMap": {},
    "s": { "0": 2, "1": 2, "2": 2, "3": 1, "4": 2, "5": 2 },
    "f": { "0": 2, "1": 2, "2": 1 },
    "b": {},
    "meta": {
      "lastBranch": 0,
      "lastFunction": 3,
      "lastStatement": 6,
      "seen": {
        "f:1:9:1:18": 0,
        "s:2:2:7:Infinity": 0,
        "f:2:13:2:22": 1,
        "s:3:19:3:Infinity": 1,
        "s:4:4:4:Infinity": 2,
        "f:4:11:4:26": 2,
        "s:4:26:4:Infinity": 3,
        "s:5:4:5:Infinity": 4,
        "s:6:4:6:Infinity": 5
      }
    }
  },
  "D:\\RSschool\\solarsungai-REACT2026Q2\\src\\validation\\schema.ts": {
    "path": "D:\\RSschool\\solarsungai-REACT2026Q2\\src\\validation\\schema.ts",
    "statementMap": {
      "0": { "start": { "line": 4, "column": 22 }, "end": { "line": 4, "column": null } },
      "1": { "start": { "line": 5, "column": 29 }, "end": { "line": 5, "column": null } },
      "2": { "start": { "line": 7, "column": 15 }, "end": { "line": 39, "column": null } },
      "3": { "start": { "line": 12, "column": 23 }, "end": { "line": 12, "column": 71 } },
      "4": { "start": { "line": 15, "column": 20 }, "end": { "line": 15, "column": null } },
      "5": { "start": { "line": 16, "column": 6 }, "end": { "line": 16, "column": null } },
      "6": { "start": { "line": 16, "column": 30 }, "end": { "line": 16, "column": null } },
      "7": { "start": { "line": 17, "column": 6 }, "end": { "line": 17, "column": null } },
      "8": { "start": { "line": 17, "column": 31 }, "end": { "line": 17, "column": null } },
      "9": { "start": { "line": 18, "column": 6 }, "end": { "line": 18, "column": null } },
      "10": { "start": { "line": 18, "column": 35 }, "end": { "line": 18, "column": null } },
      "11": { "start": { "line": 19, "column": 6 }, "end": { "line": 19, "column": null } },
      "12": { "start": { "line": 22, "column": 40 }, "end": { "line": 22, "column": 65 } },
      "13": { "start": { "line": 25, "column": 24 }, "end": { "line": 25, "column": 52 } },
      "14": { "start": { "line": 27, "column": 18 }, "end": { "line": 27, "column": null } },
      "15": { "start": { "line": 33, "column": 6 }, "end": { "line": 33, "column": null } },
      "16": { "start": { "line": 36, "column": 20 }, "end": { "line": 36, "column": 60 } }
    },
    "fnMap": {
      "0": {
        "name": "(anonymous_0)",
        "decl": { "start": { "line": 12, "column": 7 }, "end": { "line": 12, "column": 15 } },
        "loc": { "start": { "line": 12, "column": 23 }, "end": { "line": 12, "column": 71 } },
        "line": 12
      },
      "1": {
        "name": "(anonymous_1)",
        "decl": { "start": { "line": 14, "column": 22 }, "end": { "line": 14, "column": 30 } },
        "loc": { "start": { "line": 14, "column": 40 }, "end": { "line": 20, "column": 7 } },
        "line": 14
      },
      "2": {
        "name": "(anonymous_2)",
        "decl": { "start": { "line": 22, "column": 24 }, "end": { "line": 22, "column": 32 } },
        "loc": { "start": { "line": 22, "column": 40 }, "end": { "line": 22, "column": 65 } },
        "line": 22
      },
      "3": {
        "name": "(anonymous_3)",
        "decl": { "start": { "line": 25, "column": 7 }, "end": { "line": 25, "column": 15 } },
        "loc": { "start": { "line": 25, "column": 24 }, "end": { "line": 25, "column": 52 } },
        "line": 25
      },
      "4": {
        "name": "(anonymous_4)",
        "decl": { "start": { "line": 26, "column": 7 }, "end": { "line": 26, "column": null } },
        "loc": { "start": { "line": 27, "column": 18 }, "end": { "line": 27, "column": null } },
        "line": 27
      },
      "5": {
        "name": "(anonymous_5)",
        "decl": { "start": { "line": 32, "column": 23 }, "end": { "line": 32, "column": 31 } },
        "loc": { "start": { "line": 32, "column": 41 }, "end": { "line": 34, "column": 7 } },
        "line": 32
      },
      "6": {
        "name": "(anonymous_6)",
        "decl": { "start": { "line": 36, "column": 3 }, "end": { "line": 36, "column": 11 } },
        "loc": { "start": { "line": 36, "column": 20 }, "end": { "line": 36, "column": 60 } },
        "line": 36
      }
    },
    "branchMap": {
      "0": {
        "loc": { "start": { "line": 12, "column": 23 }, "end": { "line": 12, "column": 71 } },
        "type": "binary-expr",
        "locations": [
          { "start": { "line": 12, "column": 23 }, "end": { "line": 12, "column": 38 } },
          { "start": { "line": 12, "column": 38 }, "end": { "line": 12, "column": 71 } }
        ],
        "line": 12
      },
      "1": {
        "loc": { "start": { "line": 16, "column": 6 }, "end": { "line": 16, "column": null } },
        "type": "if",
        "locations": [
          { "start": { "line": 16, "column": 6 }, "end": { "line": 16, "column": null } },
          { "start": {}, "end": {} }
        ],
        "line": 16
      },
      "2": {
        "loc": { "start": { "line": 17, "column": 6 }, "end": { "line": 17, "column": null } },
        "type": "if",
        "locations": [
          { "start": { "line": 17, "column": 6 }, "end": { "line": 17, "column": null } },
          { "start": {}, "end": {} }
        ],
        "line": 17
      },
      "3": {
        "loc": { "start": { "line": 18, "column": 6 }, "end": { "line": 18, "column": null } },
        "type": "if",
        "locations": [
          { "start": { "line": 18, "column": 6 }, "end": { "line": 18, "column": null } },
          { "start": {}, "end": {} }
        ],
        "line": 18
      }
    },
    "s": {
      "0": 5,
      "1": 5,
      "2": 5,
      "3": 177,
      "4": 177,
      "5": 177,
      "6": 93,
      "7": 84,
      "8": 1,
      "9": 83,
      "10": 17,
      "11": 66,
      "12": 177,
      "13": 42,
      "14": 42,
      "15": 177,
      "16": 41
    },
    "f": { "0": 177, "1": 177, "2": 177, "3": 42, "4": 42, "5": 177, "6": 41 },
    "b": { "0": [177, 109], "1": [93, 84], "2": [1, 83], "3": [17, 66] },
    "meta": {
      "lastBranch": 4,
      "lastFunction": 7,
      "lastStatement": 17,
      "seen": {
        "s:4:22:4:Infinity": 0,
        "s:5:29:5:Infinity": 1,
        "s:7:15:39:Infinity": 2,
        "f:12:7:12:15": 0,
        "s:12:23:12:71": 3,
        "b:12:23:12:38:12:38:12:71": 0,
        "f:14:22:14:30": 1,
        "s:15:20:15:Infinity": 4,
        "b:16:6:16:Infinity:undefined:undefined:undefined:undefined": 1,
        "s:16:6:16:Infinity": 5,
        "s:16:30:16:Infinity": 6,
        "b:17:6:17:Infinity:undefined:undefined:undefined:undefined": 2,
        "s:17:6:17:Infinity": 7,
        "s:17:31:17:Infinity": 8,
        "b:18:6:18:Infinity:undefined:undefined:undefined:undefined": 3,
        "s:18:6:18:Infinity": 9,
        "s:18:35:18:Infinity": 10,
        "s:19:6:19:Infinity": 11,
        "f:22:24:22:32": 2,
        "s:22:40:22:65": 12,
        "f:25:7:25:15": 3,
        "s:25:24:25:52": 13,
        "f:26:7:26:Infinity": 4,
        "s:27:18:27:Infinity": 14,
        "f:32:23:32:31": 5,
        "s:33:6:33:Infinity": 15,
        "f:36:3:36:11": 6,
        "s:36:20:36:60": 16
      }
    }
  }
}
